::1 - - [21/Oct/2020:18:10:03 +0000] "POST /auth/authenticate HTTP/1.1" 200 228 "-" "PostmanRuntime/7.26.5"
::1 - - [21/Oct/2020:18:16:59 +0000] "POST /auth/authenticate HTTP/1.1" 200 228 "http://localhost:3000/login?username=&userpass=" "Mozilla/5.0 (X11; Linux x86_64) AppleWebKit/537.36 (KHTML, like Gecko) Chrome/85.0.4183.121 Safari/537.36"
::1 - - [21/Oct/2020:18:17:37 +0000] "POST /auth/authenticate HTTP/1.1" 200 228 "http://localhost:3000/login" "Mozilla/5.0 (X11; Linux x86_64) AppleWebKit/537.36 (KHTML, like Gecko) Chrome/85.0.4183.121 Safari/537.36"
::1 - - [21/Oct/2020:18:18:23 +0000] "POST /auth/authenticate HTTP/1.1" 200 228 "http://localhost:3000/login" "Mozilla/5.0 (X11; Linux x86_64) AppleWebKit/537.36 (KHTML, like Gecko) Chrome/85.0.4183.121 Safari/537.36"
::1 - - [21/Oct/2020:18:21:05 +0000] "POST /auth/authenticate HTTP/1.1" 200 228 "http://localhost:3000/login" "Mozilla/5.0 (X11; Linux x86_64) AppleWebKit/537.36 (KHTML, like Gecko) Chrome/85.0.4183.121 Safari/537.36"
::1 - - [21/Oct/2020:18:21:47 +0000] "POST /auth/authenticate HTTP/1.1" 200 228 "http://localhost:3000/login" "Mozilla/5.0 (X11; Linux x86_64) AppleWebKit/537.36 (KHTML, like Gecko) Chrome/85.0.4183.121 Safari/537.36"
::1 - - [21/Oct/2020:18:22:11 +0000] "POST /auth/authenticate HTTP/1.1" 200 228 "http://localhost:3000/login?username=Davis&userpass=blah" "Mozilla/5.0 (X11; Linux x86_64) AppleWebKit/537.36 (KHTML, like Gecko) Chrome/85.0.4183.121 Safari/537.36"
::1 - - [21/Oct/2020:18:22:20 +0000] "POST /auth/authenticate HTTP/1.1" 200 228 "http://localhost:3000/login?username=&userpass=" "Mozilla/5.0 (X11; Linux x86_64) AppleWebKit/537.36 (KHTML, like Gecko) Chrome/85.0.4183.121 Safari/537.36"
::1 - - [21/Oct/2020:18:24:27 +0000] "POST /auth/authenticate HTTP/1.1" 200 228 "http://localhost:3000/login?username=&userpass=" "Mozilla/5.0 (X11; Linux x86_64) AppleWebKit/537.36 (KHTML, like Gecko) Chrome/85.0.4183.121 Safari/537.36"
::1 - - [21/Oct/2020:18:24:28 +0000] "POST /auth/authenticate HTTP/1.1" 200 228 "http://localhost:3000/login?username=&userpass=" "Mozilla/5.0 (X11; Linux x86_64) AppleWebKit/537.36 (KHTML, like Gecko) Chrome/85.0.4183.121 Safari/537.36"
::1 - - [21/Oct/2020:18:24:30 +0000] "POST /auth/authenticate HTTP/1.1" 200 228 "http://localhost:3000/login?username=&userpass=" "Mozilla/5.0 (X11; Linux x86_64) AppleWebKit/537.36 (KHTML, like Gecko) Chrome/85.0.4183.121 Safari/537.36"
::1 - - [21/Oct/2020:18:24:31 +0000] "POST /auth/authenticate HTTP/1.1" 200 228 "http://localhost:3000/login?username=&userpass=" "Mozilla/5.0 (X11; Linux x86_64) AppleWebKit/537.36 (KHTML, like Gecko) Chrome/85.0.4183.121 Safari/537.36"
::1 - - [21/Oct/2020:18:27:50 +0000] "POST /auth/authenticate HTTP/1.1" 200 228 "http://localhost:3000/login" "Mozilla/5.0 (X11; Linux x86_64) AppleWebKit/537.36 (KHTML, like Gecko) Chrome/85.0.4183.121 Safari/537.36"
::1 - - [21/Oct/2020:18:30:09 +0000] "POST /auth/authenticate HTTP/1.1" 200 228 "http://localhost:3000/login" "Mozilla/5.0 (X11; Linux x86_64) AppleWebKit/537.36 (KHTML, like Gecko) Chrome/85.0.4183.121 Safari/537.36"
::1 - - [21/Oct/2020:18:30:49 +0000] "POST /auth/authenticate HTTP/1.1" 200 228 "http://localhost:3000/login" "Mozilla/5.0 (X11; Linux x86_64) AppleWebKit/537.36 (KHTML, like Gecko) Chrome/85.0.4183.121 Safari/537.36"
::1 - - [21/Oct/2020:18:42:04 +0000] "POST /auth/authenticate HTTP/1.1" 200 228 "http://localhost:3000/login" "Mozilla/5.0 (X11; Linux x86_64) AppleWebKit/537.36 (KHTML, like Gecko) Chrome/85.0.4183.121 Safari/537.36"
::1 - - [21/Oct/2020:18:51:33 +0000] "POST /auth/authenticate HTTP/1.1" 200 228 "http://localhost:3000/login" "Mozilla/5.0 (X11; Linux x86_64) AppleWebKit/537.36 (KHTML, like Gecko) Chrome/85.0.4183.121 Safari/537.36"
::1 - - [21/Oct/2020:18:52:14 +0000] "POST /auth/authenticate HTTP/1.1" 200 228 "http://localhost:3000/login" "Mozilla/5.0 (X11; Linux x86_64) AppleWebKit/537.36 (KHTML, like Gecko) Chrome/85.0.4183.121 Safari/537.36"
::1 - - [21/Oct/2020:18:54:07 +0000] "POST /auth/authenticate HTTP/1.1" 200 228 "http://localhost:3000/login" "Mozilla/5.0 (X11; Linux x86_64) AppleWebKit/537.36 (KHTML, like Gecko) Chrome/85.0.4183.121 Safari/537.36"
::1 - - [21/Oct/2020:19:15:23 +0000] "POST /auth/authenticate HTTP/1.1" 200 228 "http://localhost:3000/login" "Mozilla/5.0 (X11; Linux x86_64) AppleWebKit/537.36 (KHTML, like Gecko) Chrome/85.0.4183.121 Safari/537.36"
::1 - - [21/Oct/2020:20:56:31 +0000] "POST /auth/authenticate HTTP/1.1" 200 228 "http://localhost:3000/login" "Mozilla/5.0 (X11; Linux x86_64) AppleWebKit/537.36 (KHTML, like Gecko) Chrome/85.0.4183.121 Safari/537.36"
::1 - - [22/Oct/2020:00:37:48 +0000] "GET /about/exes HTTP/1.1" 200 94 "http://localhost:3000/" "Mozilla/5.0 (X11; Linux x86_64) AppleWebKit/537.36 (KHTML, like Gecko) Chrome/85.0.4183.121 Safari/537.36"
::1 - - [22/Oct/2020:00:39:13 +0000] "GET /about/exes HTTP/1.1" 304 - "http://localhost:3000/" "Mozilla/5.0 (X11; Linux x86_64) AppleWebKit/537.36 (KHTML, like Gecko) Chrome/85.0.4183.121 Safari/537.36"
::1 - - [22/Oct/2020:00:40:03 +0000] "GET /about/exes HTTP/1.1" 304 - "http://localhost:3000/" "Mozilla/5.0 (X11; Linux x86_64) AppleWebKit/537.36 (KHTML, like Gecko) Chrome/85.0.4183.121 Safari/537.36"
::1 - - [22/Oct/2020:00:40:26 +0000] "GET /about/exes HTTP/1.1" 304 - "http://localhost:3000/" "Mozilla/5.0 (X11; Linux x86_64) AppleWebKit/537.36 (KHTML, like Gecko) Chrome/85.0.4183.121 Safari/537.36"
::1 - - [22/Oct/2020:00:47:58 +0000] "POST /about/exes HTTP/1.1" 404 150 "http://localhost:3000/" "Mozilla/5.0 (X11; Linux x86_64) AppleWebKit/537.36 (KHTML, like Gecko) Chrome/85.0.4183.121 Safari/537.36"
::1 - - [22/Oct/2020:00:48:53 +0000] "POST /about/exes HTTP/1.1" 404 150 "http://localhost:3000/" "Mozilla/5.0 (X11; Linux x86_64) AppleWebKit/537.36 (KHTML, like Gecko) Chrome/85.0.4183.121 Safari/537.36"
::1 - - [22/Oct/2020:00:57:46 +0000] "GET /about/exes HTTP/1.1" 304 - "http://localhost:3000/" "Mozilla/5.0 (X11; Linux x86_64) AppleWebKit/537.36 (KHTML, like Gecko) Chrome/85.0.4183.121 Safari/537.36"
::1 - - [22/Oct/2020:00:59:16 +0000] "GET /about/exes HTTP/1.1" 304 - "http://localhost:3000/" "Mozilla/5.0 (X11; Linux x86_64) AppleWebKit/537.36 (KHTML, like Gecko) Chrome/85.0.4183.121 Safari/537.36"
::1 - - [22/Oct/2020:00:59:39 +0000] "GET /about/exes HTTP/1.1" 304 - "http://localhost:3000/" "Mozilla/5.0 (X11; Linux x86_64) AppleWebKit/537.36 (KHTML, like Gecko) Chrome/85.0.4183.121 Safari/537.36"
::1 - - [22/Oct/2020:00:59:47 +0000] "GET /about/exes HTTP/1.1" 304 - "http://localhost:3000/" "Mozilla/5.0 (X11; Linux x86_64) AppleWebKit/537.36 (KHTML, like Gecko) Chrome/85.0.4183.121 Safari/537.36"
::1 - - [22/Oct/2020:01:01:00 +0000] "GET /about/exes HTTP/1.1" 304 - "http://localhost:3000/" "Mozilla/5.0 (X11; Linux x86_64) AppleWebKit/537.36 (KHTML, like Gecko) Chrome/85.0.4183.121 Safari/537.36"
::1 - - [22/Oct/2020:01:01:04 +0000] "GET /about/exes HTTP/1.1" 304 - "http://localhost:3000/" "Mozilla/5.0 (X11; Linux x86_64) AppleWebKit/537.36 (KHTML, like Gecko) Chrome/85.0.4183.121 Safari/537.36"
::1 - - [22/Oct/2020:01:05:53 +0000] "GET /about/exes HTTP/1.1" 304 - "http://localhost:3000/" "Mozilla/5.0 (X11; Linux x86_64) AppleWebKit/537.36 (KHTML, like Gecko) Chrome/85.0.4183.121 Safari/537.36"
::1 - - [22/Oct/2020:01:06:00 +0000] "GET /about/exes HTTP/1.1" 304 - "http://localhost:3000/" "Mozilla/5.0 (X11; Linux x86_64) AppleWebKit/537.36 (KHTML, like Gecko) Chrome/85.0.4183.121 Safari/537.36"
::1 - - [26/Oct/2020:16:12:46 +0000] "GET /about/exes HTTP/1.1" 401 1207 "http://localhost:3000/" "Mozilla/5.0 (X11; Linux x86_64) AppleWebKit/537.36 (KHTML, like Gecko) Chrome/85.0.4183.121 Safari/537.36"
::1 - - [26/Oct/2020:16:21:53 +0000] "GET /about/exes HTTP/1.1" 401 1207 "http://localhost:3000/" "Mozilla/5.0 (X11; Linux x86_64) AppleWebKit/537.36 (KHTML, like Gecko) Chrome/85.0.4183.121 Safari/537.36"
::1 - - [26/Oct/2020:16:36:35 +0000] "GET /about/exes HTTP/1.1" 401 1207 "http://localhost:3000/" "Mozilla/5.0 (X11; Linux x86_64) AppleWebKit/537.36 (KHTML, like Gecko) Chrome/85.0.4183.121 Safari/537.36"
::1 - - [26/Oct/2020:16:37:31 +0000] "GET /about/exes HTTP/1.1" 401 1207 "http://localhost:3000/" "Mozilla/5.0 (X11; Linux x86_64) AppleWebKit/537.36 (KHTML, like Gecko) Chrome/85.0.4183.121 Safari/537.36"
::1 - - [26/Oct/2020:16:38:32 +0000] "GET /about/exes HTTP/1.1" 401 1207 "http://localhost:3000/" "Mozilla/5.0 (X11; Linux x86_64) AppleWebKit/537.36 (KHTML, like Gecko) Chrome/85.0.4183.121 Safari/537.36"
::1 - - [26/Oct/2020:16:39:33 +0000] "GET /about/exes HTTP/1.1" 401 1207 "http://localhost:3000/" "Mozilla/5.0 (X11; Linux x86_64) AppleWebKit/537.36 (KHTML, like Gecko) Chrome/85.0.4183.121 Safari/537.36"
::1 - - [26/Oct/2020:16:39:35 +0000] "GET /about/exes HTTP/1.1" 401 1207 "http://localhost:3000/" "Mozilla/5.0 (X11; Linux x86_64) AppleWebKit/537.36 (KHTML, like Gecko) Chrome/85.0.4183.121 Safari/537.36"
::1 - - [26/Oct/2020:16:39:51 +0000] "POST /auth/authenticate HTTP/1.1" 200 228 "http://localhost:3000/login" "Mozilla/5.0 (X11; Linux x86_64) AppleWebKit/537.36 (KHTML, like Gecko) Chrome/85.0.4183.121 Safari/537.36"
::1 - - [26/Oct/2020:16:39:54 +0000] "GET /about/exes HTTP/1.1" 304 - "http://localhost:3000/" "Mozilla/5.0 (X11; Linux x86_64) AppleWebKit/537.36 (KHTML, like Gecko) Chrome/85.0.4183.121 Safari/537.36"
::1 - - [26/Oct/2020:21:20:29 +0000] "GET /about/exes HTTP/1.1" 304 - "http://localhost:3000/" "Mozilla/5.0 (X11; Linux x86_64) AppleWebKit/537.36 (KHTML, like Gecko) Chrome/85.0.4183.121 Safari/537.36"
::1 - - [26/Oct/2020:21:35:52 +0000] "GET /about/exes HTTP/1.1" 304 - "http://localhost:3000/" "Mozilla/5.0 (X11; Linux x86_64) AppleWebKit/537.36 (KHTML, like Gecko) Chrome/85.0.4183.121 Safari/537.36"
::1 - - [26/Oct/2020:21:52:07 +0000] "GET /about/exes HTTP/1.1" 304 - "http://localhost:3000/" "Mozilla/5.0 (X11; Linux x86_64) AppleWebKit/537.36 (KHTML, like Gecko) Chrome/85.0.4183.121 Safari/537.36"
::1 - - [26/Oct/2020:21:59:25 +0000] "GET /about/exes HTTP/1.1" 304 - "http://localhost:3000/" "Mozilla/5.0 (X11; Linux x86_64) AppleWebKit/537.36 (KHTML, like Gecko) Chrome/85.0.4183.121 Safari/537.36"
::1 - - [26/Oct/2020:22:01:51 +0000] "GET /about/exes HTTP/1.1" 304 - "http://localhost:3000/" "Mozilla/5.0 (X11; Linux x86_64) AppleWebKit/537.36 (KHTML, like Gecko) Chrome/85.0.4183.121 Safari/537.36"
::1 - - [26/Oct/2020:22:01:59 +0000] "GET /about/exes HTTP/1.1" 304 - "http://localhost:3000/" "Mozilla/5.0 (X11; Linux x86_64) AppleWebKit/537.36 (KHTML, like Gecko) Chrome/85.0.4183.121 Safari/537.36"
::1 - - [26/Oct/2020:22:02:01 +0000] "GET /about/exes HTTP/1.1" 304 - "http://localhost:3000/" "Mozilla/5.0 (X11; Linux x86_64) AppleWebKit/537.36 (KHTML, like Gecko) Chrome/85.0.4183.121 Safari/537.36"
::1 - - [26/Oct/2020:22:03:17 +0000] "GET /about/exes HTTP/1.1" 200 94 "http://localhost:3000/" "Mozilla/5.0 (X11; Linux x86_64) AppleWebKit/537.36 (KHTML, like Gecko) Chrome/85.0.4183.121 Safari/537.36"
::1 - - [26/Oct/2020:22:03:38 +0000] "POST /auth/authenticate HTTP/1.1" 200 228 "http://localhost:3000/login" "Mozilla/5.0 (X11; Linux x86_64) AppleWebKit/537.36 (KHTML, like Gecko) Chrome/85.0.4183.121 Safari/537.36"
::1 - - [26/Oct/2020:22:03:44 +0000] "GET /about/exes HTTP/1.1" 304 - "http://localhost:3000/" "Mozilla/5.0 (X11; Linux x86_64) AppleWebKit/537.36 (KHTML, like Gecko) Chrome/85.0.4183.121 Safari/537.36"
::1 - - [26/Oct/2020:22:06:17 +0000] "GET /about/exes HTTP/1.1" 304 - "http://localhost:3000/" "Mozilla/5.0 (X11; Linux x86_64) AppleWebKit/537.36 (KHTML, like Gecko) Chrome/85.0.4183.121 Safari/537.36"
::1 - - [26/Oct/2020:22:06:31 +0000] "GET /about/exes HTTP/1.1" 304 - "http://localhost:3000/" "Mozilla/5.0 (X11; Linux x86_64) AppleWebKit/537.36 (KHTML, like Gecko) Chrome/85.0.4183.121 Safari/537.36"
::1 - - [26/Oct/2020:22:06:43 +0000] "GET /about/exes HTTP/1.1" 304 - "http://localhost:3000/" "Mozilla/5.0 (X11; Linux x86_64) AppleWebKit/537.36 (KHTML, like Gecko) Chrome/85.0.4183.121 Safari/537.36"
::1 - - [26/Oct/2020:22:06:50 +0000] "GET /about/exes HTTP/1.1" 304 - "http://localhost:3000/" "Mozilla/5.0 (X11; Linux x86_64) AppleWebKit/537.36 (KHTML, like Gecko) Chrome/85.0.4183.121 Safari/537.36"
::1 - - [26/Oct/2020:22:07:26 +0000] "GET /about/exes HTTP/1.1" 304 - "http://localhost:3000/" "Mozilla/5.0 (X11; Linux x86_64) AppleWebKit/537.36 (KHTML, like Gecko) Chrome/85.0.4183.121 Safari/537.36"
::1 - - [26/Oct/2020:22:07:37 +0000] "GET /about/exes HTTP/1.1" 304 - "http://localhost:3000/" "Mozilla/5.0 (X11; Linux x86_64) AppleWebKit/537.36 (KHTML, like Gecko) Chrome/85.0.4183.121 Safari/537.36"
::1 - - [26/Oct/2020:22:07:46 +0000] "GET /about/exes HTTP/1.1" 304 - "http://localhost:3000/" "Mozilla/5.0 (X11; Linux x86_64) AppleWebKit/537.36 (KHTML, like Gecko) Chrome/85.0.4183.121 Safari/537.36"
::1 - - [26/Oct/2020:22:08:07 +0000] "GET /about/exes HTTP/1.1" 304 - "http://localhost:3000/" "Mozilla/5.0 (X11; Linux x86_64) AppleWebKit/537.36 (KHTML, like Gecko) Chrome/85.0.4183.121 Safari/537.36"
::1 - - [26/Oct/2020:22:08:39 +0000] "GET /about/exes HTTP/1.1" 304 - "http://localhost:3000/" "Mozilla/5.0 (X11; Linux x86_64) AppleWebKit/537.36 (KHTML, like Gecko) Chrome/85.0.4183.121 Safari/537.36"
::1 - - [26/Oct/2020:22:10:14 +0000] "GET /about/exes HTTP/1.1" 304 - "http://localhost:3000/" "Mozilla/5.0 (X11; Linux x86_64) AppleWebKit/537.36 (KHTML, like Gecko) Chrome/85.0.4183.121 Safari/537.36"
::1 - - [26/Oct/2020:22:10:54 +0000] "GET /about/exes HTTP/1.1" 304 - "http://localhost:3000/" "Mozilla/5.0 (X11; Linux x86_64) AppleWebKit/537.36 (KHTML, like Gecko) Chrome/85.0.4183.121 Safari/537.36"
::1 - - [26/Oct/2020:22:11:41 +0000] "GET /about/exes HTTP/1.1" 304 - "http://localhost:3000/" "Mozilla/5.0 (X11; Linux x86_64) AppleWebKit/537.36 (KHTML, like Gecko) Chrome/85.0.4183.121 Safari/537.36"
::1 - - [26/Oct/2020:22:11:47 +0000] "GET /about/exes HTTP/1.1" 304 - "http://localhost:3000/" "Mozilla/5.0 (X11; Linux x86_64) AppleWebKit/537.36 (KHTML, like Gecko) Chrome/85.0.4183.121 Safari/537.36"
::1 - - [26/Oct/2020:22:12:40 +0000] "GET /about/exes HTTP/1.1" 304 - "http://localhost:3000/" "Mozilla/5.0 (X11; Linux x86_64) AppleWebKit/537.36 (KHTML, like Gecko) Chrome/85.0.4183.121 Safari/537.36"
::1 - - [26/Oct/2020:22:12:59 +0000] "GET /about/exes HTTP/1.1" 304 - "http://localhost:3000/" "Mozilla/5.0 (X11; Linux x86_64) AppleWebKit/537.36 (KHTML, like Gecko) Chrome/85.0.4183.121 Safari/537.36"
::1 - - [26/Oct/2020:22:14:35 +0000] "GET /about/exes HTTP/1.1" 304 - "http://localhost:3000/" "Mozilla/5.0 (X11; Linux x86_64) AppleWebKit/537.36 (KHTML, like Gecko) Chrome/85.0.4183.121 Safari/537.36"
::1 - - [26/Oct/2020:22:16:39 +0000] "GET /about/exes HTTP/1.1" 304 - "http://localhost:3000/" "Mozilla/5.0 (X11; Linux x86_64) AppleWebKit/537.36 (KHTML, like Gecko) Chrome/85.0.4183.121 Safari/537.36"
::1 - - [26/Oct/2020:22:16:47 +0000] "GET /about/exes HTTP/1.1" 304 - "http://localhost:3000/" "Mozilla/5.0 (X11; Linux x86_64) AppleWebKit/537.36 (KHTML, like Gecko) Chrome/85.0.4183.121 Safari/537.36"
::1 - - [26/Oct/2020:22:17:09 +0000] "GET /about/exes HTTP/1.1" 304 - "http://localhost:3000/" "Mozilla/5.0 (X11; Linux x86_64) AppleWebKit/537.36 (KHTML, like Gecko) Chrome/85.0.4183.121 Safari/537.36"
::1 - - [26/Oct/2020:22:18:07 +0000] "GET /about/exes HTTP/1.1" 304 - "http://localhost:3000/" "Mozilla/5.0 (X11; Linux x86_64) AppleWebKit/537.36 (KHTML, like Gecko) Chrome/85.0.4183.121 Safari/537.36"
::1 - - [26/Oct/2020:22:18:18 +0000] "GET /about/exes HTTP/1.1" 304 - "http://localhost:3000/" "Mozilla/5.0 (X11; Linux x86_64) AppleWebKit/537.36 (KHTML, like Gecko) Chrome/85.0.4183.121 Safari/537.36"
::1 - - [26/Oct/2020:22:18:42 +0000] "GET /about/exes HTTP/1.1" 304 - "http://localhost:3000/" "Mozilla/5.0 (X11; Linux x86_64) AppleWebKit/537.36 (KHTML, like Gecko) Chrome/85.0.4183.121 Safari/537.36"
::1 - - [26/Oct/2020:22:19:10 +0000] "GET /about/exes HTTP/1.1" 304 - "http://localhost:3000/" "Mozilla/5.0 (X11; Linux x86_64) AppleWebKit/537.36 (KHTML, like Gecko) Chrome/85.0.4183.121 Safari/537.36"
::1 - - [26/Oct/2020:22:19:17 +0000] "GET /about/exes HTTP/1.1" 304 - "http://localhost:3000/" "Mozilla/5.0 (X11; Linux x86_64) AppleWebKit/537.36 (KHTML, like Gecko) Chrome/85.0.4183.121 Safari/537.36"
::1 - - [26/Oct/2020:22:19:39 +0000] "GET /about/exes HTTP/1.1" 304 - "http://localhost:3000/" "Mozilla/5.0 (X11; Linux x86_64) AppleWebKit/537.36 (KHTML, like Gecko) Chrome/85.0.4183.121 Safari/537.36"
::1 - - [26/Oct/2020:22:19:48 +0000] "GET /about/exes HTTP/1.1" 304 - "http://localhost:3000/" "Mozilla/5.0 (X11; Linux x86_64) AppleWebKit/537.36 (KHTML, like Gecko) Chrome/85.0.4183.121 Safari/537.36"
::1 - - [26/Oct/2020:22:19:55 +0000] "GET /about/exes HTTP/1.1" 304 - "http://localhost:3000/" "Mozilla/5.0 (X11; Linux x86_64) AppleWebKit/537.36 (KHTML, like Gecko) Chrome/85.0.4183.121 Safari/537.36"
::1 - - [26/Oct/2020:22:20:16 +0000] "GET /about/exes HTTP/1.1" 304 - "http://localhost:3000/" "Mozilla/5.0 (X11; Linux x86_64) AppleWebKit/537.36 (KHTML, like Gecko) Chrome/85.0.4183.121 Safari/537.36"
::1 - - [26/Oct/2020:22:20:33 +0000] "GET /about/exes HTTP/1.1" 304 - "http://localhost:3000/" "Mozilla/5.0 (X11; Linux x86_64) AppleWebKit/537.36 (KHTML, like Gecko) Chrome/85.0.4183.121 Safari/537.36"
::1 - - [26/Oct/2020:22:21:17 +0000] "GET /about/exes HTTP/1.1" 304 - "http://localhost:3000/" "Mozilla/5.0 (X11; Linux x86_64) AppleWebKit/537.36 (KHTML, like Gecko) Chrome/85.0.4183.121 Safari/537.36"
::1 - - [26/Oct/2020:22:31:45 +0000] "GET /about/exes HTTP/1.1" 304 - "http://localhost:3000/" "Mozilla/5.0 (X11; Linux x86_64) AppleWebKit/537.36 (KHTML, like Gecko) Chrome/85.0.4183.121 Safari/537.36"
::1 - - [26/Oct/2020:22:58:42 +0000] "GET /about/exes HTTP/1.1" 304 - "http://localhost:3000/" "Mozilla/5.0 (X11; Linux x86_64) AppleWebKit/537.36 (KHTML, like Gecko) Chrome/85.0.4183.121 Safari/537.36"
::1 - - [27/Oct/2020:00:00:59 +0000] "GET /about/exes HTTP/1.1" 304 - "http://localhost:3000/" "Mozilla/5.0 (X11; Linux x86_64) AppleWebKit/537.36 (KHTML, like Gecko) Chrome/85.0.4183.121 Safari/537.36"
::1 - - [27/Oct/2020:00:04:11 +0000] "POST /auth/authenticate HTTP/1.1" 200 228 "http://localhost:3000/login" "Mozilla/5.0 (X11; Linux x86_64) AppleWebKit/537.36 (KHTML, like Gecko) Chrome/85.0.4183.121 Safari/537.36"
::1 - - [27/Oct/2020:00:04:31 +0000] "POST /auth/authenticate HTTP/1.1" 200 228 "http://localhost:3000/login" "Mozilla/5.0 (X11; Linux x86_64) AppleWebKit/537.36 (KHTML, like Gecko) Chrome/85.0.4183.121 Safari/537.36"
::1 - - [27/Oct/2020:00:10:41 +0000] "GET /about/exes HTTP/1.1" 304 - "http://localhost:3000/" "Mozilla/5.0 (X11; Linux x86_64) AppleWebKit/537.36 (KHTML, like Gecko) Chrome/85.0.4183.121 Safari/537.36"
::1 - - [27/Oct/2020:00:11:01 +0000] "POST /auth/authenticate HTTP/1.1" 200 228 "http://localhost:3000/login" "Mozilla/5.0 (X11; Linux x86_64) AppleWebKit/537.36 (KHTML, like Gecko) Chrome/85.0.4183.121 Safari/537.36"
::1 - - [27/Oct/2020:00:13:02 +0000] "POST /auth/authenticate HTTP/1.1" 200 228 "http://localhost:3000/login" "Mozilla/5.0 (X11; Linux x86_64) AppleWebKit/537.36 (KHTML, like Gecko) Chrome/85.0.4183.121 Safari/537.36"
::1 - - [27/Oct/2020:00:17:31 +0000] "GET /about/exes HTTP/1.1" 304 - "http://localhost:3000/" "Mozilla/5.0 (X11; Linux x86_64) AppleWebKit/537.36 (KHTML, like Gecko) Chrome/85.0.4183.121 Safari/537.36"
::1 - - [27/Oct/2020:00:17:52 +0000] "POST /auth/authenticate HTTP/1.1" 200 228 "http://localhost:3000/login" "Mozilla/5.0 (X11; Linux x86_64) AppleWebKit/537.36 (KHTML, like Gecko) Chrome/85.0.4183.121 Safari/537.36"
::1 - - [27/Oct/2020:00:18:26 +0000] "POST /auth/authenticate HTTP/1.1" 200 228 "http://localhost:3000/login" "Mozilla/5.0 (X11; Linux x86_64) AppleWebKit/537.36 (KHTML, like Gecko) Chrome/85.0.4183.121 Safari/537.36"
::1 - - [27/Oct/2020:00:18:38 +0000] "POST /auth/authenticate HTTP/1.1" 200 228 "http://localhost:3000/login" "Mozilla/5.0 (X11; Linux x86_64) AppleWebKit/537.36 (KHTML, like Gecko) Chrome/85.0.4183.121 Safari/537.36"
::1 - - [27/Oct/2020:00:18:43 +0000] "POST /auth/authenticate HTTP/1.1" 200 228 "http://localhost:3000/login" "Mozilla/5.0 (X11; Linux x86_64) AppleWebKit/537.36 (KHTML, like Gecko) Chrome/85.0.4183.121 Safari/537.36"
::1 - - [27/Oct/2020:00:19:34 +0000] "POST /auth/authenticate HTTP/1.1" 200 228 "http://localhost:3000/login" "Mozilla/5.0 (X11; Linux x86_64) AppleWebKit/537.36 (KHTML, like Gecko) Chrome/85.0.4183.121 Safari/537.36"
::1 - - [27/Oct/2020:00:19:42 +0000] "GET /about/exes HTTP/1.1" 304 - "http://localhost:3000/" "Mozilla/5.0 (X11; Linux x86_64) AppleWebKit/537.36 (KHTML, like Gecko) Chrome/85.0.4183.121 Safari/537.36"
::1 - - [27/Oct/2020:00:21:21 +0000] "GET /about/exes HTTP/1.1" 304 - "http://localhost:3000/" "Mozilla/5.0 (X11; Linux x86_64) AppleWebKit/537.36 (KHTML, like Gecko) Chrome/85.0.4183.121 Safari/537.36"
::1 - - [27/Oct/2020:00:34:19 +0000] "POST /auth/authenticate HTTP/1.1" 200 228 "http://localhost:3000/login" "Mozilla/5.0 (X11; Linux x86_64) AppleWebKit/537.36 (KHTML, like Gecko) Chrome/85.0.4183.121 Safari/537.36"
::1 - - [27/Oct/2020:00:39:51 +0000] "POST /auth/authenticate HTTP/1.1" 200 228 "http://localhost:3000/login" "Mozilla/5.0 (X11; Linux x86_64) AppleWebKit/537.36 (KHTML, like Gecko) Chrome/85.0.4183.121 Safari/537.36"
::1 - - [27/Oct/2020:00:41:01 +0000] "GET /about/exes HTTP/1.1" 304 - "http://localhost:3000/" "Mozilla/5.0 (X11; Linux x86_64) AppleWebKit/537.36 (KHTML, like Gecko) Chrome/85.0.4183.121 Safari/537.36"
::1 - - [27/Oct/2020:00:41:33 +0000] "POST /auth/authenticate HTTP/1.1" 200 228 "http://localhost:3000/login" "Mozilla/5.0 (X11; Linux x86_64) AppleWebKit/537.36 (KHTML, like Gecko) Chrome/85.0.4183.121 Safari/537.36"
::1 - - [27/Oct/2020:00:42:47 +0000] "POST /auth/authenticate HTTP/1.1" 200 228 "http://localhost:3000/login" "Mozilla/5.0 (X11; Linux x86_64) AppleWebKit/537.36 (KHTML, like Gecko) Chrome/85.0.4183.121 Safari/537.36"
::1 - - [27/Oct/2020:00:42:52 +0000] "GET /about/exes HTTP/1.1" 304 - "http://localhost:3000/loft" "Mozilla/5.0 (X11; Linux x86_64) AppleWebKit/537.36 (KHTML, like Gecko) Chrome/85.0.4183.121 Safari/537.36"
::1 - - [27/Oct/2020:00:43:03 +0000] "GET /about/exes HTTP/1.1" 304 - "http://localhost:3000/loft" "Mozilla/5.0 (X11; Linux x86_64) AppleWebKit/537.36 (KHTML, like Gecko) Chrome/85.0.4183.121 Safari/537.36"
::1 - - [27/Oct/2020:00:43:15 +0000] "POST /auth/authenticate HTTP/1.1" 200 228 "http://localhost:3000/login" "Mozilla/5.0 (X11; Linux x86_64) AppleWebKit/537.36 (KHTML, like Gecko) Chrome/85.0.4183.121 Safari/537.36"
::1 - - [27/Oct/2020:00:43:23 +0000] "POST /auth/authenticate HTTP/1.1" 200 228 "http://localhost:3000/login" "Mozilla/5.0 (X11; Linux x86_64) AppleWebKit/537.36 (KHTML, like Gecko) Chrome/85.0.4183.121 Safari/537.36"
::1 - - [27/Oct/2020:00:43:26 +0000] "GET /about/exes HTTP/1.1" 304 - "http://localhost:3000/loft" "Mozilla/5.0 (X11; Linux x86_64) AppleWebKit/537.36 (KHTML, like Gecko) Chrome/85.0.4183.121 Safari/537.36"
::1 - - [27/Oct/2020:00:43:57 +0000] "GET /about/exes HTTP/1.1" 304 - "http://localhost:3000/loft" "Mozilla/5.0 (X11; Linux x86_64) AppleWebKit/537.36 (KHTML, like Gecko) Chrome/85.0.4183.121 Safari/537.36"
::1 - - [27/Oct/2020:00:44:39 +0000] "GET /about/exes HTTP/1.1" 304 - "http://localhost:3000/loft" "Mozilla/5.0 (X11; Linux x86_64) AppleWebKit/537.36 (KHTML, like Gecko) Chrome/85.0.4183.121 Safari/537.36"
::1 - - [27/Oct/2020:02:45:18 +0000] "POST /auth/authenticate HTTP/1.1" 200 228 "http://localhost:3000/login" "Mozilla/5.0 (X11; Linux x86_64) AppleWebKit/537.36 (KHTML, like Gecko) Chrome/85.0.4183.121 Safari/537.36"
::1 - - [27/Oct/2020:02:48:16 +0000] "POST /auth/authenticate HTTP/1.1" 200 228 "http://localhost:3000/login" "Mozilla/5.0 (X11; Linux x86_64) AppleWebKit/537.36 (KHTML, like Gecko) Chrome/85.0.4183.121 Safari/537.36"
::1 - - [27/Oct/2020:02:48:16 +0000] "GET /about/exes HTTP/1.1" 304 - "http://localhost:3000/" "Mozilla/5.0 (X11; Linux x86_64) AppleWebKit/537.36 (KHTML, like Gecko) Chrome/85.0.4183.121 Safari/537.36"
::1 - - [27/Oct/2020:02:48:25 +0000] "POST /auth/authenticate HTTP/1.1" 200 228 "http://localhost:3000/login" "Mozilla/5.0 (X11; Linux x86_64) AppleWebKit/537.36 (KHTML, like Gecko) Chrome/85.0.4183.121 Safari/537.36"
::1 - - [27/Oct/2020:02:48:25 +0000] "GET /about/exes HTTP/1.1" 304 - "http://localhost:3000/" "Mozilla/5.0 (X11; Linux x86_64) AppleWebKit/537.36 (KHTML, like Gecko) Chrome/85.0.4183.121 Safari/537.36"
::1 - - [27/Oct/2020:02:53:36 +0000] "POST /auth/authenticate HTTP/1.1" 200 228 "http://localhost:3000/login" "Mozilla/5.0 (X11; Linux x86_64) AppleWebKit/537.36 (KHTML, like Gecko) Chrome/85.0.4183.121 Safari/537.36"
::1 - - [27/Oct/2020:02:53:37 +0000] "GET /about/exes HTTP/1.1" 304 - "http://localhost:3000/" "Mozilla/5.0 (X11; Linux x86_64) AppleWebKit/537.36 (KHTML, like Gecko) Chrome/85.0.4183.121 Safari/537.36"
::1 - - [28/Oct/2020:01:09:56 +0000] "GET /about/exes HTTP/1.1" 304 - "http://localhost:3000/" "Mozilla/5.0 (X11; Linux x86_64) AppleWebKit/537.36 (KHTML, like Gecko) Chrome/86.0.4240.111 Safari/537.36"
::1 - - [28/Oct/2020:01:10:00 +0000] "GET /about/exes HTTP/1.1" 304 - "http://localhost:3000/" "Mozilla/5.0 (X11; Linux x86_64) AppleWebKit/537.36 (KHTML, like Gecko) Chrome/86.0.4240.111 Safari/537.36"
